{"C:\\Users\\PC\\Documents\\Projects\\Trainify_api\\src\\models\\base.model.js": {"path":"C:\\Users\\PC\\Documents\\Projects\\Trainify_api\\src\\models\\base.model.js","statementMap":{"0":{"start":{"line":1,"column":11},"end":{"line":1,"column":39}},"1":{"start":{"line":5,"column":4},"end":{"line":5,"column":31}},"2":{"start":{"line":6,"column":4},"end":{"line":6,"column":17}},"3":{"start":{"line":10,"column":24},"end":{"line":10,"column":87}},"4":{"start":{"line":11,"column":19},"end":{"line":14,"column":5}},"5":{"start":{"line":15,"column":4},"end":{"line":15,"column":26}},"6":{"start":{"line":19,"column":19},"end":{"line":22,"column":5}},"7":{"start":{"line":23,"column":4},"end":{"line":23,"column":23}},"8":{"start":{"line":27,"column":17},"end":{"line":27,"column":34}},"9":{"start":{"line":28,"column":19},"end":{"line":28,"column":38}},"10":{"start":{"line":29,"column":25},"end":{"line":29,"column":67}},"11":{"start":{"line":29,"column":44},"end":{"line":29,"column":55}},"12":{"start":{"line":30,"column":20},"end":{"line":30,"column":35}},"13":{"start":{"line":32,"column":19},"end":{"line":35,"column":5}},"14":{"start":{"line":36,"column":4},"end":{"line":36,"column":26}},"15":{"start":{"line":40,"column":17},"end":{"line":40,"column":34}},"16":{"start":{"line":41,"column":19},"end":{"line":41,"column":38}},"17":{"start":{"line":42,"column":22},"end":{"line":42,"column":75}},"18":{"start":{"line":42,"column":43},"end":{"line":42,"column":63}},"19":{"start":{"line":44,"column":19},"end":{"line":47,"column":5}},"20":{"start":{"line":48,"column":4},"end":{"line":48,"column":26}},"21":{"start":{"line":52,"column":19},"end":{"line":55,"column":5}},"22":{"start":{"line":56,"column":4},"end":{"line":56,"column":26}},"23":{"start":{"line":60,"column":0},"end":{"line":60,"column":27}},"24":{"start":{"line":67,"column":85},"end":{"line":67,"column":46423}},"25":{"start":{"line":67,"column":89},"end":{"line":67,"column":46395}},"26":{"start":{"line":67,"column":46405},"end":{"line":67,"column":46422}}},"fnMap":{"0":{"name":"(anonymous_0)","decl":{"start":{"line":4,"column":2},"end":{"line":4,"column":3}},"loc":{"start":{"line":4,"column":25},"end":{"line":7,"column":3}},"line":4},"1":{"name":"(anonymous_1)","decl":{"start":{"line":9,"column":2},"end":{"line":9,"column":3}},"loc":{"start":{"line":9,"column":21},"end":{"line":16,"column":3}},"line":9},"2":{"name":"(anonymous_2)","decl":{"start":{"line":18,"column":2},"end":{"line":18,"column":3}},"loc":{"start":{"line":18,"column":41},"end":{"line":24,"column":3}},"line":18},"3":{"name":"(anonymous_3)","decl":{"start":{"line":26,"column":2},"end":{"line":26,"column":3}},"loc":{"start":{"line":26,"column":21},"end":{"line":37,"column":3}},"line":26},"4":{"name":"(anonymous_4)","decl":{"start":{"line":29,"column":34},"end":{"line":29,"column":35}},"loc":{"start":{"line":29,"column":44},"end":{"line":29,"column":55}},"line":29},"5":{"name":"(anonymous_5)","decl":{"start":{"line":39,"column":2},"end":{"line":39,"column":3}},"loc":{"start":{"line":39,"column":25},"end":{"line":49,"column":3}},"line":39},"6":{"name":"(anonymous_6)","decl":{"start":{"line":42,"column":31},"end":{"line":42,"column":32}},"loc":{"start":{"line":42,"column":43},"end":{"line":42,"column":63}},"line":42},"7":{"name":"(anonymous_7)","decl":{"start":{"line":51,"column":2},"end":{"line":51,"column":3}},"loc":{"start":{"line":51,"column":19},"end":{"line":57,"column":3}},"line":51},"8":{"name":"oo_cm","decl":{"start":{"line":67,"column":77},"end":{"line":67,"column":82}},"loc":{"start":{"line":67,"column":84},"end":{"line":67,"column":46424}},"line":67}},"branchMap":{"0":{"loc":{"start":{"line":18,"column":16},"end":{"line":18,"column":27}},"type":"default-arg","locations":[{"start":{"line":18,"column":24},"end":{"line":18,"column":27}}],"line":18},"1":{"loc":{"start":{"line":18,"column":29},"end":{"line":18,"column":39}},"type":"default-arg","locations":[{"start":{"line":18,"column":38},"end":{"line":18,"column":39}}],"line":18},"2":{"loc":{"start":{"line":67,"column":96},"end":{"line":67,"column":46394}},"type":"binary-expr","locations":[{"start":{"line":67,"column":96},"end":{"line":67,"column":133}},{"start":{"line":67,"column":137},"end":{"line":67,"column":46394}}],"line":67}},"s":{"0":1,"1":1,"2":1,"3":0,"4":0,"5":0,"6":0,"7":0,"8":0,"9":0,"10":0,"11":0,"12":0,"13":0,"14":0,"15":0,"16":0,"17":0,"18":0,"19":0,"20":0,"21":0,"22":0,"23":1,"24":0,"25":0,"26":0},"f":{"0":1,"1":0,"2":0,"3":0,"4":0,"5":0,"6":0,"7":0,"8":0},"b":{"0":[0],"1":[0],"2":[0,0]},"_coverageSchema":"1a1c01bbd47fc00a2c39e90264f33305004495a9","hash":"aaa7be07b470ae109861fc51a5dc33a2e6a172e5"}
,"C:\\Users\\PC\\Documents\\Projects\\Trainify_api\\src\\models\\refreshToken.model.js": {"path":"C:\\Users\\PC\\Documents\\Projects\\Trainify_api\\src\\models\\refreshToken.model.js","statementMap":{"0":{"start":{"line":1,"column":18},"end":{"line":1,"column":41}},"1":{"start":{"line":5,"column":4},"end":{"line":5,"column":28}},"2":{"start":{"line":9,"column":22},"end":{"line":9,"column":32}},"3":{"start":{"line":10,"column":4},"end":{"line":10,"column":47}},"4":{"start":{"line":12,"column":4},"end":{"line":17,"column":7}},"5":{"start":{"line":21,"column":19},"end":{"line":29,"column":5}},"6":{"start":{"line":30,"column":4},"end":{"line":30,"column":26}},"7":{"start":{"line":34,"column":4},"end":{"line":37,"column":6}},"8":{"start":{"line":41,"column":4},"end":{"line":44,"column":6}},"9":{"start":{"line":48,"column":0},"end":{"line":48,"column":36}}},"fnMap":{"0":{"name":"(anonymous_0)","decl":{"start":{"line":4,"column":2},"end":{"line":4,"column":3}},"loc":{"start":{"line":4,"column":16},"end":{"line":6,"column":3}},"line":4},"1":{"name":"(anonymous_1)","decl":{"start":{"line":8,"column":2},"end":{"line":8,"column":3}},"loc":{"start":{"line":8,"column":35},"end":{"line":18,"column":3}},"line":8},"2":{"name":"(anonymous_2)","decl":{"start":{"line":20,"column":2},"end":{"line":20,"column":3}},"loc":{"start":{"line":20,"column":30},"end":{"line":31,"column":3}},"line":20},"3":{"name":"(anonymous_3)","decl":{"start":{"line":33,"column":2},"end":{"line":33,"column":3}},"loc":{"start":{"line":33,"column":27},"end":{"line":38,"column":3}},"line":33},"4":{"name":"(anonymous_4)","decl":{"start":{"line":40,"column":2},"end":{"line":40,"column":3}},"loc":{"start":{"line":40,"column":36},"end":{"line":45,"column":3}},"line":40}},"branchMap":{},"s":{"0":1,"1":1,"2":0,"3":0,"4":0,"5":0,"6":0,"7":0,"8":0,"9":1},"f":{"0":1,"1":0,"2":0,"3":0,"4":0},"b":{},"_coverageSchema":"1a1c01bbd47fc00a2c39e90264f33305004495a9","hash":"7a0c5bb720b06404c39de5fe978297efbb4c2696"}
,"C:\\Users\\PC\\Documents\\Projects\\Trainify_api\\src\\models\\user.model.js": {"path":"C:\\Users\\PC\\Documents\\Projects\\Trainify_api\\src\\models\\user.model.js","statementMap":{"0":{"start":{"line":1,"column":11},"end":{"line":1,"column":39}},"1":{"start":{"line":2,"column":15},"end":{"line":2,"column":32}},"2":{"start":{"line":6,"column":4},"end":{"line":13,"column":5}},"3":{"start":{"line":7,"column":20},"end":{"line":7,"column":72}},"4":{"start":{"line":8,"column":21},"end":{"line":8,"column":51}},"5":{"start":{"line":9,"column":6},"end":{"line":9,"column":28}},"6":{"start":{"line":11,"column":26},"end":{"line":11,"column":115}},"7":{"start":{"line":12,"column":6},"end":{"line":12,"column":18}},"8":{"start":{"line":16,"column":4},"end":{"line":23,"column":5}},"9":{"start":{"line":17,"column":20},"end":{"line":17,"column":75}},"10":{"start":{"line":18,"column":21},"end":{"line":18,"column":54}},"11":{"start":{"line":19,"column":6},"end":{"line":19,"column":28}},"12":{"start":{"line":21,"column":26},"end":{"line":21,"column":118}},"13":{"start":{"line":22,"column":6},"end":{"line":22,"column":18}},"14":{"start":{"line":26,"column":4},"end":{"line":33,"column":5}},"15":{"start":{"line":27,"column":20},"end":{"line":27,"column":55}},"16":{"start":{"line":28,"column":21},"end":{"line":28,"column":48}},"17":{"start":{"line":29,"column":6},"end":{"line":29,"column":28}},"18":{"start":{"line":31,"column":26},"end":{"line":31,"column":112}},"19":{"start":{"line":32,"column":6},"end":{"line":32,"column":18}},"20":{"start":{"line":36,"column":4},"end":{"line":69,"column":5}},"21":{"start":{"line":37,"column":29},"end":{"line":37,"column":69}},"22":{"start":{"line":38,"column":20},"end":{"line":45,"column":7}},"23":{"start":{"line":46,"column":21},"end":{"line":56,"column":7}},"24":{"start":{"line":57,"column":21},"end":{"line":57,"column":50}},"25":{"start":{"line":58,"column":6},"end":{"line":58,"column":28}},"26":{"start":{"line":60,"column":26},"end":{"line":60,"column":107}},"27":{"start":{"line":61,"column":6},"end":{"line":67,"column":7}},"28":{"start":{"line":62,"column":8},"end":{"line":66,"column":9}},"29":{"start":{"line":63,"column":10},"end":{"line":63,"column":50}},"30":{"start":{"line":64,"column":15},"end":{"line":66,"column":9}},"31":{"start":{"line":65,"column":10},"end":{"line":65,"column":53}},"32":{"start":{"line":68,"column":6},"end":{"line":68,"column":47}},"33":{"start":{"line":72,"column":4},"end":{"line":77,"column":5}},"34":{"start":{"line":73,"column":6},"end":{"line":73,"column":60}},"35":{"start":{"line":75,"column":26},"end":{"line":75,"column":112}},"36":{"start":{"line":76,"column":6},"end":{"line":76,"column":18}},"37":{"start":{"line":80,"column":4},"end":{"line":86,"column":5}},"38":{"start":{"line":81,"column":20},"end":{"line":81,"column":71}},"39":{"start":{"line":82,"column":6},"end":{"line":82,"column":38}},"40":{"start":{"line":84,"column":26},"end":{"line":84,"column":113}},"41":{"start":{"line":85,"column":6},"end":{"line":85,"column":18}},"42":{"start":{"line":89,"column":4},"end":{"line":129,"column":5}},"43":{"start":{"line":90,"column":28},"end":{"line":93,"column":7}},"44":{"start":{"line":95,"column":22},"end":{"line":95,"column":24}},"45":{"start":{"line":96,"column":21},"end":{"line":96,"column":23}},"46":{"start":{"line":97,"column":23},"end":{"line":97,"column":24}},"47":{"start":{"line":99,"column":6},"end":{"line":106,"column":9}},"48":{"start":{"line":100,"column":22},"end":{"line":100,"column":66}},"49":{"start":{"line":101,"column":8},"end":{"line":105,"column":9}},"50":{"start":{"line":102,"column":10},"end":{"line":102,"column":52}},"51":{"start":{"line":103,"column":10},"end":{"line":103,"column":39}},"52":{"start":{"line":104,"column":10},"end":{"line":104,"column":23}},"53":{"start":{"line":108,"column":6},"end":{"line":110,"column":7}},"54":{"start":{"line":109,"column":8},"end":{"line":109,"column":53}},"55":{"start":{"line":112,"column":6},"end":{"line":112,"column":41}},"56":{"start":{"line":113,"column":6},"end":{"line":113,"column":26}},"57":{"start":{"line":115,"column":20},"end":{"line":122,"column":7}},"58":{"start":{"line":124,"column":21},"end":{"line":124,"column":50}},"59":{"start":{"line":125,"column":6},"end":{"line":125,"column":28}},"60":{"start":{"line":127,"column":26},"end":{"line":127,"column":117}},"61":{"start":{"line":128,"column":6},"end":{"line":128,"column":18}},"62":{"start":{"line":133,"column":0},"end":{"line":133,"column":33}},"63":{"start":{"line":140,"column":85},"end":{"line":140,"column":46423}},"64":{"start":{"line":140,"column":89},"end":{"line":140,"column":46395}},"65":{"start":{"line":140,"column":46405},"end":{"line":140,"column":46422}}},"fnMap":{"0":{"name":"(anonymous_0)","decl":{"start":{"line":5,"column":2},"end":{"line":5,"column":3}},"loc":{"start":{"line":5,"column":27},"end":{"line":14,"column":3}},"line":5},"1":{"name":"(anonymous_1)","decl":{"start":{"line":15,"column":2},"end":{"line":15,"column":3}},"loc":{"start":{"line":15,"column":33},"end":{"line":24,"column":3}},"line":15},"2":{"name":"(anonymous_2)","decl":{"start":{"line":25,"column":2},"end":{"line":25,"column":3}},"loc":{"start":{"line":25,"column":21},"end":{"line":34,"column":3}},"line":25},"3":{"name":"(anonymous_3)","decl":{"start":{"line":35,"column":2},"end":{"line":35,"column":3}},"loc":{"start":{"line":35,"column":25},"end":{"line":70,"column":3}},"line":35},"4":{"name":"(anonymous_4)","decl":{"start":{"line":71,"column":2},"end":{"line":71,"column":3}},"loc":{"start":{"line":71,"column":49},"end":{"line":78,"column":3}},"line":71},"5":{"name":"(anonymous_5)","decl":{"start":{"line":79,"column":2},"end":{"line":79,"column":3}},"loc":{"start":{"line":79,"column":32},"end":{"line":87,"column":3}},"line":79},"6":{"name":"(anonymous_6)","decl":{"start":{"line":88,"column":2},"end":{"line":88,"column":3}},"loc":{"start":{"line":88,"column":42},"end":{"line":130,"column":3}},"line":88},"7":{"name":"(anonymous_7)","decl":{"start":{"line":99,"column":38},"end":{"line":99,"column":39}},"loc":{"start":{"line":99,"column":45},"end":{"line":106,"column":7}},"line":99},"8":{"name":"oo_cm","decl":{"start":{"line":140,"column":77},"end":{"line":140,"column":82}},"loc":{"start":{"line":140,"column":84},"end":{"line":140,"column":46424}},"line":140}},"branchMap":{"0":{"loc":{"start":{"line":50,"column":8},"end":{"line":50,"column":34}},"type":"binary-expr","locations":[{"start":{"line":50,"column":8},"end":{"line":50,"column":26}},{"start":{"line":50,"column":30},"end":{"line":50,"column":34}}],"line":50},"1":{"loc":{"start":{"line":51,"column":8},"end":{"line":51,"column":33}},"type":"binary-expr","locations":[{"start":{"line":51,"column":8},"end":{"line":51,"column":25}},{"start":{"line":51,"column":29},"end":{"line":51,"column":33}}],"line":51},"2":{"loc":{"start":{"line":52,"column":8},"end":{"line":52,"column":36}},"type":"binary-expr","locations":[{"start":{"line":52,"column":8},"end":{"line":52,"column":28}},{"start":{"line":52,"column":32},"end":{"line":52,"column":36}}],"line":52},"3":{"loc":{"start":{"line":53,"column":8},"end":{"line":53,"column":33}},"type":"binary-expr","locations":[{"start":{"line":53,"column":8},"end":{"line":53,"column":25}},{"start":{"line":53,"column":29},"end":{"line":53,"column":33}}],"line":53},"4":{"loc":{"start":{"line":54,"column":8},"end":{"line":54,"column":33}},"type":"binary-expr","locations":[{"start":{"line":54,"column":8},"end":{"line":54,"column":25}},{"start":{"line":54,"column":29},"end":{"line":54,"column":33}}],"line":54},"5":{"loc":{"start":{"line":55,"column":8},"end":{"line":55,"column":43}},"type":"binary-expr","locations":[{"start":{"line":55,"column":8},"end":{"line":55,"column":29}},{"start":{"line":55,"column":33},"end":{"line":55,"column":43}}],"line":55},"6":{"loc":{"start":{"line":61,"column":6},"end":{"line":67,"column":7}},"type":"if","locations":[{"start":{"line":61,"column":6},"end":{"line":67,"column":7}},{"start":{},"end":{}}],"line":61},"7":{"loc":{"start":{"line":62,"column":8},"end":{"line":66,"column":9}},"type":"if","locations":[{"start":{"line":62,"column":8},"end":{"line":66,"column":9}},{"start":{"line":64,"column":15},"end":{"line":66,"column":9}}],"line":62},"8":{"loc":{"start":{"line":64,"column":15},"end":{"line":66,"column":9}},"type":"if","locations":[{"start":{"line":64,"column":15},"end":{"line":66,"column":9}},{"start":{},"end":{}}],"line":64},"9":{"loc":{"start":{"line":101,"column":8},"end":{"line":105,"column":9}},"type":"if","locations":[{"start":{"line":101,"column":8},"end":{"line":105,"column":9}},{"start":{},"end":{}}],"line":101},"10":{"loc":{"start":{"line":108,"column":6},"end":{"line":110,"column":7}},"type":"if","locations":[{"start":{"line":108,"column":6},"end":{"line":110,"column":7}},{"start":{},"end":{}}],"line":108},"11":{"loc":{"start":{"line":140,"column":96},"end":{"line":140,"column":46394}},"type":"binary-expr","locations":[{"start":{"line":140,"column":96},"end":{"line":140,"column":133}},{"start":{"line":140,"column":137},"end":{"line":140,"column":46394}}],"line":140}},"s":{"0":1,"1":1,"2":0,"3":0,"4":0,"5":0,"6":0,"7":0,"8":0,"9":0,"10":0,"11":0,"12":0,"13":0,"14":0,"15":0,"16":0,"17":0,"18":0,"19":0,"20":0,"21":0,"22":0,"23":0,"24":0,"25":0,"26":0,"27":0,"28":0,"29":0,"30":0,"31":0,"32":0,"33":0,"34":0,"35":0,"36":0,"37":0,"38":0,"39":0,"40":0,"41":0,"42":0,"43":0,"44":0,"45":0,"46":0,"47":0,"48":0,"49":0,"50":0,"51":0,"52":0,"53":0,"54":0,"55":0,"56":0,"57":0,"58":0,"59":0,"60":0,"61":0,"62":1,"63":0,"64":0,"65":0},"f":{"0":0,"1":0,"2":0,"3":0,"4":0,"5":0,"6":0,"7":0,"8":0},"b":{"0":[0,0],"1":[0,0],"2":[0,0],"3":[0,0],"4":[0,0],"5":[0,0],"6":[0,0],"7":[0,0],"8":[0,0],"9":[0,0],"10":[0,0],"11":[0,0]},"_coverageSchema":"1a1c01bbd47fc00a2c39e90264f33305004495a9","hash":"b80137d94f9bb987bab84033240ea9a3ba89b8bc"}
,"C:\\Users\\PC\\Documents\\Projects\\Trainify_api\\src\\services\\auth.service.js": {"path":"C:\\Users\\PC\\Documents\\Projects\\Trainify_api\\src\\services\\auth.service.js","statementMap":{"0":{"start":{"line":1,"column":18},"end":{"line":1,"column":52}},"1":{"start":{"line":2,"column":21},"end":{"line":2,"column":63}},"2":{"start":{"line":3,"column":17},"end":{"line":3,"column":43}},"3":{"start":{"line":4,"column":11},"end":{"line":4,"column":42}},"4":{"start":{"line":5,"column":15},"end":{"line":5,"column":32}},"5":{"start":{"line":9,"column":4},"end":{"line":43,"column":5}},"6":{"start":{"line":11,"column":28},"end":{"line":11,"column":71}},"7":{"start":{"line":12,"column":6},"end":{"line":14,"column":7}},"8":{"start":{"line":13,"column":8},"end":{"line":13,"column":52}},"9":{"start":{"line":16,"column":31},"end":{"line":18,"column":7}},"10":{"start":{"line":19,"column":6},"end":{"line":21,"column":7}},"11":{"start":{"line":20,"column":8},"end":{"line":20,"column":50}},"12":{"start":{"line":23,"column":19},"end":{"line":23,"column":51}},"13":{"start":{"line":25,"column":21},"end":{"line":25,"column":46}},"14":{"start":{"line":26,"column":6},"end":{"line":26,"column":67}},"15":{"start":{"line":27,"column":6},"end":{"line":27,"column":41}},"16":{"start":{"line":28,"column":6},"end":{"line":39,"column":8}},"17":{"start":{"line":41,"column":26},"end":{"line":41,"column":111}},"18":{"start":{"line":42,"column":6},"end":{"line":42,"column":18}},"19":{"start":{"line":46,"column":4},"end":{"line":85,"column":5}},"20":{"start":{"line":49,"column":6},"end":{"line":53,"column":7}},"21":{"start":{"line":50,"column":8},"end":{"line":50,"column":62}},"22":{"start":{"line":51,"column":13},"end":{"line":53,"column":7}},"23":{"start":{"line":52,"column":8},"end":{"line":52,"column":68}},"24":{"start":{"line":54,"column":6},"end":{"line":56,"column":7}},"25":{"start":{"line":55,"column":8},"end":{"line":55,"column":47}},"26":{"start":{"line":58,"column":30},"end":{"line":61,"column":7}},"27":{"start":{"line":62,"column":6},"end":{"line":64,"column":7}},"28":{"start":{"line":63,"column":8},"end":{"line":63,"column":47}},"29":{"start":{"line":66,"column":6},"end":{"line":66,"column":47}},"30":{"start":{"line":68,"column":21},"end":{"line":68,"column":46}},"31":{"start":{"line":69,"column":6},"end":{"line":69,"column":67}},"32":{"start":{"line":70,"column":6},"end":{"line":81,"column":8}},"33":{"start":{"line":83,"column":26},"end":{"line":83,"column":99}},"34":{"start":{"line":84,"column":6},"end":{"line":84,"column":18}},"35":{"start":{"line":88,"column":4},"end":{"line":116,"column":5}},"36":{"start":{"line":89,"column":6},"end":{"line":91,"column":7}},"37":{"start":{"line":90,"column":8},"end":{"line":90,"column":50}},"38":{"start":{"line":92,"column":26},"end":{"line":92,"column":73}},"39":{"start":{"line":93,"column":6},"end":{"line":95,"column":7}},"40":{"start":{"line":94,"column":8},"end":{"line":94,"column":60}},"41":{"start":{"line":96,"column":22},"end":{"line":96,"column":63}},"42":{"start":{"line":97,"column":6},"end":{"line":100,"column":7}},"43":{"start":{"line":98,"column":8},"end":{"line":98,"column":53}},"44":{"start":{"line":99,"column":8},"end":{"line":99,"column":49}},"45":{"start":{"line":101,"column":19},"end":{"line":101,"column":55}},"46":{"start":{"line":102,"column":6},"end":{"line":105,"column":7}},"47":{"start":{"line":103,"column":8},"end":{"line":103,"column":53}},"48":{"start":{"line":104,"column":8},"end":{"line":104,"column":42}},"49":{"start":{"line":106,"column":21},"end":{"line":106,"column":46}},"50":{"start":{"line":107,"column":6},"end":{"line":107,"column":51}},"51":{"start":{"line":108,"column":6},"end":{"line":108,"column":67}},"52":{"start":{"line":109,"column":6},"end":{"line":112,"column":8}},"53":{"start":{"line":114,"column":26},"end":{"line":114,"column":109}},"54":{"start":{"line":115,"column":6},"end":{"line":115,"column":18}},"55":{"start":{"line":119,"column":4},"end":{"line":123,"column":5}},"56":{"start":{"line":120,"column":6},"end":{"line":120,"column":51}},"57":{"start":{"line":122,"column":6},"end":{"line":122,"column":53}},"58":{"start":{"line":124,"column":4},"end":{"line":124,"column":16}},"59":{"start":{"line":127,"column":4},"end":{"line":151,"column":5}},"60":{"start":{"line":128,"column":19},"end":{"line":128,"column":51}},"61":{"start":{"line":130,"column":6},"end":{"line":132,"column":7}},"62":{"start":{"line":131,"column":8},"end":{"line":131,"column":42}},"63":{"start":{"line":134,"column":6},"end":{"line":147,"column":8}},"64":{"start":{"line":149,"column":26},"end":{"line":149,"column":107}},"65":{"start":{"line":150,"column":6},"end":{"line":150,"column":18}},"66":{"start":{"line":154,"column":4},"end":{"line":176,"column":5}},"67":{"start":{"line":155,"column":19},"end":{"line":155,"column":68}},"68":{"start":{"line":156,"column":6},"end":{"line":158,"column":7}},"69":{"start":{"line":157,"column":8},"end":{"line":157,"column":42}},"70":{"start":{"line":159,"column":6},"end":{"line":172,"column":8}},"71":{"start":{"line":174,"column":26},"end":{"line":174,"column":110}},"72":{"start":{"line":175,"column":6},"end":{"line":175,"column":18}},"73":{"start":{"line":179,"column":4},"end":{"line":193,"column":5}},"74":{"start":{"line":180,"column":19},"end":{"line":180,"column":51}},"75":{"start":{"line":181,"column":6},"end":{"line":183,"column":7}},"76":{"start":{"line":182,"column":8},"end":{"line":182,"column":42}},"77":{"start":{"line":185,"column":22},"end":{"line":188,"column":7}},"78":{"start":{"line":189,"column":6},"end":{"line":189,"column":35}},"79":{"start":{"line":191,"column":26},"end":{"line":191,"column":119}},"80":{"start":{"line":192,"column":6},"end":{"line":192,"column":18}},"81":{"start":{"line":196,"column":4},"end":{"line":207,"column":5}},"82":{"start":{"line":197,"column":29},"end":{"line":197,"column":63}},"83":{"start":{"line":200,"column":8},"end":{"line":200,"column":79}},"84":{"start":{"line":201,"column":6},"end":{"line":201,"column":54}},"85":{"start":{"line":203,"column":6},"end":{"line":203,"column":18}},"86":{"start":{"line":205,"column":26},"end":{"line":205,"column":111}},"87":{"start":{"line":206,"column":6},"end":{"line":206,"column":51}},"88":{"start":{"line":210,"column":20},"end":{"line":214,"column":5}},"89":{"start":{"line":216,"column":4},"end":{"line":220,"column":6}},"90":{"start":{"line":224,"column":0},"end":{"line":224,"column":35}},"91":{"start":{"line":231,"column":85},"end":{"line":231,"column":46423}},"92":{"start":{"line":231,"column":89},"end":{"line":231,"column":46395}},"93":{"start":{"line":231,"column":46405},"end":{"line":231,"column":46422}}},"fnMap":{"0":{"name":"(anonymous_0)","decl":{"start":{"line":8,"column":2},"end":{"line":8,"column":3}},"loc":{"start":{"line":8,"column":27},"end":{"line":44,"column":3}},"line":8},"1":{"name":"(anonymous_1)","decl":{"start":{"line":45,"column":2},"end":{"line":45,"column":3}},"loc":{"start":{"line":45,"column":27},"end":{"line":86,"column":3}},"line":45},"2":{"name":"(anonymous_2)","decl":{"start":{"line":87,"column":2},"end":{"line":87,"column":3}},"loc":{"start":{"line":87,"column":35},"end":{"line":117,"column":3}},"line":87},"3":{"name":"(anonymous_3)","decl":{"start":{"line":118,"column":2},"end":{"line":118,"column":3}},"loc":{"start":{"line":118,"column":37},"end":{"line":125,"column":3}},"line":118},"4":{"name":"(anonymous_4)","decl":{"start":{"line":126,"column":2},"end":{"line":126,"column":3}},"loc":{"start":{"line":126,"column":27},"end":{"line":152,"column":3}},"line":126},"5":{"name":"(anonymous_5)","decl":{"start":{"line":153,"column":2},"end":{"line":153,"column":3}},"loc":{"start":{"line":153,"column":42},"end":{"line":177,"column":3}},"line":153},"6":{"name":"(anonymous_6)","decl":{"start":{"line":178,"column":2},"end":{"line":178,"column":3}},"loc":{"start":{"line":178,"column":55},"end":{"line":194,"column":3}},"line":178},"7":{"name":"(anonymous_7)","decl":{"start":{"line":195,"column":2},"end":{"line":195,"column":3}},"loc":{"start":{"line":195,"column":44},"end":{"line":208,"column":3}},"line":195},"8":{"name":"(anonymous_8)","decl":{"start":{"line":209,"column":2},"end":{"line":209,"column":3}},"loc":{"start":{"line":209,"column":23},"end":{"line":221,"column":3}},"line":209},"9":{"name":"oo_cm","decl":{"start":{"line":231,"column":77},"end":{"line":231,"column":82}},"loc":{"start":{"line":231,"column":84},"end":{"line":231,"column":46424}},"line":231}},"branchMap":{"0":{"loc":{"start":{"line":12,"column":6},"end":{"line":14,"column":7}},"type":"if","locations":[{"start":{"line":12,"column":6},"end":{"line":14,"column":7}},{"start":{},"end":{}}],"line":12},"1":{"loc":{"start":{"line":19,"column":6},"end":{"line":21,"column":7}},"type":"if","locations":[{"start":{"line":19,"column":6},"end":{"line":21,"column":7}},{"start":{},"end":{}}],"line":19},"2":{"loc":{"start":{"line":49,"column":6},"end":{"line":53,"column":7}},"type":"if","locations":[{"start":{"line":49,"column":6},"end":{"line":53,"column":7}},{"start":{"line":51,"column":13},"end":{"line":53,"column":7}}],"line":49},"3":{"loc":{"start":{"line":51,"column":13},"end":{"line":53,"column":7}},"type":"if","locations":[{"start":{"line":51,"column":13},"end":{"line":53,"column":7}},{"start":{},"end":{}}],"line":51},"4":{"loc":{"start":{"line":54,"column":6},"end":{"line":56,"column":7}},"type":"if","locations":[{"start":{"line":54,"column":6},"end":{"line":56,"column":7}},{"start":{},"end":{}}],"line":54},"5":{"loc":{"start":{"line":62,"column":6},"end":{"line":64,"column":7}},"type":"if","locations":[{"start":{"line":62,"column":6},"end":{"line":64,"column":7}},{"start":{},"end":{}}],"line":62},"6":{"loc":{"start":{"line":89,"column":6},"end":{"line":91,"column":7}},"type":"if","locations":[{"start":{"line":89,"column":6},"end":{"line":91,"column":7}},{"start":{},"end":{}}],"line":89},"7":{"loc":{"start":{"line":93,"column":6},"end":{"line":95,"column":7}},"type":"if","locations":[{"start":{"line":93,"column":6},"end":{"line":95,"column":7}},{"start":{},"end":{}}],"line":93},"8":{"loc":{"start":{"line":97,"column":6},"end":{"line":100,"column":7}},"type":"if","locations":[{"start":{"line":97,"column":6},"end":{"line":100,"column":7}},{"start":{},"end":{}}],"line":97},"9":{"loc":{"start":{"line":102,"column":6},"end":{"line":105,"column":7}},"type":"if","locations":[{"start":{"line":102,"column":6},"end":{"line":105,"column":7}},{"start":{},"end":{}}],"line":102},"10":{"loc":{"start":{"line":119,"column":4},"end":{"line":123,"column":5}},"type":"if","locations":[{"start":{"line":119,"column":4},"end":{"line":123,"column":5}},{"start":{"line":121,"column":11},"end":{"line":123,"column":5}}],"line":119},"11":{"loc":{"start":{"line":130,"column":6},"end":{"line":132,"column":7}},"type":"if","locations":[{"start":{"line":130,"column":6},"end":{"line":132,"column":7}},{"start":{},"end":{}}],"line":130},"12":{"loc":{"start":{"line":156,"column":6},"end":{"line":158,"column":7}},"type":"if","locations":[{"start":{"line":156,"column":6},"end":{"line":158,"column":7}},{"start":{},"end":{}}],"line":156},"13":{"loc":{"start":{"line":181,"column":6},"end":{"line":183,"column":7}},"type":"if","locations":[{"start":{"line":181,"column":6},"end":{"line":183,"column":7}},{"start":{},"end":{}}],"line":181},"14":{"loc":{"start":{"line":189,"column":13},"end":{"line":189,"column":34}},"type":"cond-expr","locations":[{"start":{"line":189,"column":23},"end":{"line":189,"column":27}},{"start":{"line":189,"column":30},"end":{"line":189,"column":34}}],"line":189},"15":{"loc":{"start":{"line":219,"column":17},"end":{"line":219,"column":52}},"type":"binary-expr","locations":[{"start":{"line":219,"column":17},"end":{"line":219,"column":43}},{"start":{"line":219,"column":47},"end":{"line":219,"column":52}}],"line":219},"16":{"loc":{"start":{"line":231,"column":96},"end":{"line":231,"column":46394}},"type":"binary-expr","locations":[{"start":{"line":231,"column":96},"end":{"line":231,"column":133}},{"start":{"line":231,"column":137},"end":{"line":231,"column":46394}}],"line":231}},"s":{"0":1,"1":1,"2":1,"3":1,"4":1,"5":3,"6":3,"7":3,"8":1,"9":2,"10":2,"11":1,"12":1,"13":1,"14":1,"15":1,"16":1,"17":2,"18":2,"19":2,"20":2,"21":2,"22":0,"23":0,"24":2,"25":1,"26":1,"27":1,"28":0,"29":1,"30":1,"31":1,"32":1,"33":1,"34":1,"35":2,"36":2,"37":1,"38":1,"39":1,"40":0,"41":1,"42":1,"43":0,"44":0,"45":1,"46":1,"47":0,"48":0,"49":1,"50":1,"51":1,"52":1,"53":1,"54":1,"55":2,"56":1,"57":1,"58":2,"59":2,"60":2,"61":2,"62":1,"63":1,"64":1,"65":1,"66":0,"67":0,"68":0,"69":0,"70":0,"71":0,"72":0,"73":0,"74":0,"75":0,"76":0,"77":0,"78":0,"79":0,"80":0,"81":1,"82":1,"83":1,"84":1,"85":1,"86":0,"87":0,"88":3,"89":3,"90":1,"91":5,"92":5,"93":0},"f":{"0":3,"1":2,"2":2,"3":2,"4":2,"5":0,"6":0,"7":1,"8":3,"9":5},"b":{"0":[1,2],"1":[1,1],"2":[2,0],"3":[0,0],"4":[1,1],"5":[0,1],"6":[1,1],"7":[0,1],"8":[0,1],"9":[0,1],"10":[1,1],"11":[1,1],"12":[0,0],"13":[0,0],"14":[0,0],"15":[3,0],"16":[5,1]},"_coverageSchema":"1a1c01bbd47fc00a2c39e90264f33305004495a9","hash":"1a4133af3e7d7d894c2229ec2c7ae6671415c09b"}
,"C:\\Users\\PC\\Documents\\Projects\\Trainify_api\\src\\services\\excercise.service.js": {"path":"C:\\Users\\PC\\Documents\\Projects\\Trainify_api\\src\\services\\excercise.service.js","statementMap":{"0":{"start":{"line":1,"column":17},"end":{"line":1,"column":52}},"1":{"start":{"line":5,"column":4},"end":{"line":5,"column":67}},"2":{"start":{"line":9,"column":21},"end":{"line":9,"column":48}},"3":{"start":{"line":11,"column":4},"end":{"line":13,"column":5}},"4":{"start":{"line":12,"column":6},"end":{"line":12,"column":44}},"5":{"start":{"line":15,"column":4},"end":{"line":15,"column":20}},"6":{"start":{"line":19,"column":4},"end":{"line":19,"column":51}},"7":{"start":{"line":23,"column":4},"end":{"line":23,"column":57}},"8":{"start":{"line":27,"column":19},"end":{"line":33,"column":5}},"9":{"start":{"line":34,"column":4},"end":{"line":34,"column":23}},"10":{"start":{"line":38,"column":19},"end":{"line":40,"column":5}},"11":{"start":{"line":41,"column":4},"end":{"line":41,"column":48}},"12":{"start":{"line":41,"column":34},"end":{"line":41,"column":46}},"13":{"start":{"line":45,"column":19},"end":{"line":47,"column":5}},"14":{"start":{"line":48,"column":4},"end":{"line":48,"column":52}},"15":{"start":{"line":48,"column":34},"end":{"line":48,"column":50}},"16":{"start":{"line":52,"column":0},"end":{"line":52,"column":39}}},"fnMap":{"0":{"name":"(anonymous_0)","decl":{"start":{"line":4,"column":2},"end":{"line":4,"column":3}},"loc":{"start":{"line":4,"column":60},"end":{"line":6,"column":3}},"line":4},"1":{"name":"(anonymous_1)","decl":{"start":{"line":8,"column":2},"end":{"line":8,"column":3}},"loc":{"start":{"line":8,"column":28},"end":{"line":16,"column":3}},"line":8},"2":{"name":"(anonymous_2)","decl":{"start":{"line":18,"column":2},"end":{"line":18,"column":3}},"loc":{"start":{"line":18,"column":41},"end":{"line":20,"column":3}},"line":18},"3":{"name":"(anonymous_3)","decl":{"start":{"line":22,"column":2},"end":{"line":22,"column":3}},"loc":{"start":{"line":22,"column":47},"end":{"line":24,"column":3}},"line":22},"4":{"name":"(anonymous_4)","decl":{"start":{"line":26,"column":2},"end":{"line":26,"column":3}},"loc":{"start":{"line":26,"column":36},"end":{"line":35,"column":3}},"line":26},"5":{"name":"(anonymous_5)","decl":{"start":{"line":37,"column":2},"end":{"line":37,"column":3}},"loc":{"start":{"line":37,"column":32},"end":{"line":42,"column":3}},"line":37},"6":{"name":"(anonymous_6)","decl":{"start":{"line":41,"column":27},"end":{"line":41,"column":28}},"loc":{"start":{"line":41,"column":34},"end":{"line":41,"column":46}},"line":41},"7":{"name":"(anonymous_7)","decl":{"start":{"line":44,"column":2},"end":{"line":44,"column":3}},"loc":{"start":{"line":44,"column":26},"end":{"line":49,"column":3}},"line":44},"8":{"name":"(anonymous_8)","decl":{"start":{"line":48,"column":27},"end":{"line":48,"column":28}},"loc":{"start":{"line":48,"column":34},"end":{"line":48,"column":50}},"line":48}},"branchMap":{"0":{"loc":{"start":{"line":4,"column":24},"end":{"line":4,"column":36}},"type":"default-arg","locations":[{"start":{"line":4,"column":34},"end":{"line":4,"column":36}}],"line":4},"1":{"loc":{"start":{"line":4,"column":38},"end":{"line":4,"column":46}},"type":"default-arg","locations":[{"start":{"line":4,"column":45},"end":{"line":4,"column":46}}],"line":4},"2":{"loc":{"start":{"line":4,"column":48},"end":{"line":4,"column":58}},"type":"default-arg","locations":[{"start":{"line":4,"column":56},"end":{"line":4,"column":58}}],"line":4},"3":{"loc":{"start":{"line":11,"column":4},"end":{"line":13,"column":5}},"type":"if","locations":[{"start":{"line":11,"column":4},"end":{"line":13,"column":5}},{"start":{},"end":{}}],"line":11}},"s":{"0":1,"1":1,"2":2,"3":2,"4":1,"5":1,"6":1,"7":1,"8":1,"9":1,"10":1,"11":1,"12":2,"13":1,"14":1,"15":2,"16":1},"f":{"0":1,"1":2,"2":1,"3":1,"4":1,"5":1,"6":2,"7":1,"8":2},"b":{"0":[0],"1":[0],"2":[0],"3":[1,1]},"_coverageSchema":"1a1c01bbd47fc00a2c39e90264f33305004495a9","hash":"bf66c7d8898a918d6602c65e3b46ef47b7672011"}
,"C:\\Users\\PC\\Documents\\Projects\\Trainify_api\\src\\services\\report.service.js": {"path":"C:\\Users\\PC\\Documents\\Projects\\Trainify_api\\src\\services\\report.service.js","statementMap":{"0":{"start":{"line":1,"column":11},"end":{"line":1,"column":39}},"1":{"start":{"line":6,"column":4},"end":{"line":18,"column":5}},"2":{"start":{"line":8,"column":8},"end":{"line":8,"column":62}},"3":{"start":{"line":9,"column":8},"end":{"line":9,"column":14}},"4":{"start":{"line":11,"column":8},"end":{"line":11,"column":64}},"5":{"start":{"line":12,"column":8},"end":{"line":12,"column":14}},"6":{"start":{"line":14,"column":8},"end":{"line":14,"column":41}},"7":{"start":{"line":15,"column":8},"end":{"line":15,"column":14}},"8":{"start":{"line":17,"column":8},"end":{"line":17,"column":63}},"9":{"start":{"line":20,"column":18},"end":{"line":41,"column":5}},"10":{"start":{"line":43,"column":19},"end":{"line":43,"column":70}},"11":{"start":{"line":45,"column":4},"end":{"line":45,"column":23}},"12":{"start":{"line":49,"column":18},"end":{"line":70,"column":5}},"13":{"start":{"line":72,"column":19},"end":{"line":72,"column":70}},"14":{"start":{"line":74,"column":4},"end":{"line":74,"column":23}},"15":{"start":{"line":78,"column":18},"end":{"line":91,"column":5}},"16":{"start":{"line":93,"column":19},"end":{"line":93,"column":70}},"17":{"start":{"line":95,"column":4},"end":{"line":95,"column":23}},"18":{"start":{"line":99,"column":18},"end":{"line":118,"column":5}},"19":{"start":{"line":120,"column":19},"end":{"line":120,"column":82}},"20":{"start":{"line":122,"column":4},"end":{"line":122,"column":23}},"21":{"start":{"line":126,"column":18},"end":{"line":140,"column":5}},"22":{"start":{"line":142,"column":19},"end":{"line":142,"column":70}},"23":{"start":{"line":144,"column":4},"end":{"line":144,"column":23}},"24":{"start":{"line":148,"column":18},"end":{"line":160,"column":5}},"25":{"start":{"line":162,"column":19},"end":{"line":162,"column":50}},"26":{"start":{"line":164,"column":4},"end":{"line":164,"column":23}},"27":{"start":{"line":169,"column":23},"end":{"line":183,"column":5}},"28":{"start":{"line":186,"column":26},"end":{"line":193,"column":5}},"29":{"start":{"line":196,"column":35},"end":{"line":210,"column":5}},"30":{"start":{"line":212,"column":58},"end":{"line":216,"column":6}},"31":{"start":{"line":218,"column":4},"end":{"line":222,"column":6}},"32":{"start":{"line":226,"column":0},"end":{"line":226,"column":37}}},"fnMap":{"0":{"name":"(anonymous_0)","decl":{"start":{"line":4,"column":2},"end":{"line":4,"column":3}},"loc":{"start":{"line":4,"column":77},"end":{"line":46,"column":3}},"line":4},"1":{"name":"(anonymous_1)","decl":{"start":{"line":48,"column":2},"end":{"line":48,"column":3}},"loc":{"start":{"line":48,"column":57},"end":{"line":75,"column":3}},"line":48},"2":{"name":"(anonymous_2)","decl":{"start":{"line":77,"column":2},"end":{"line":77,"column":3}},"loc":{"start":{"line":77,"column":60},"end":{"line":96,"column":3}},"line":77},"3":{"name":"(anonymous_3)","decl":{"start":{"line":98,"column":2},"end":{"line":98,"column":3}},"loc":{"start":{"line":98,"column":79},"end":{"line":123,"column":3}},"line":98},"4":{"name":"(anonymous_4)","decl":{"start":{"line":125,"column":2},"end":{"line":125,"column":3}},"loc":{"start":{"line":125,"column":62},"end":{"line":145,"column":3}},"line":125},"5":{"name":"(anonymous_5)","decl":{"start":{"line":147,"column":2},"end":{"line":147,"column":3}},"loc":{"start":{"line":147,"column":43},"end":{"line":165,"column":3}},"line":147},"6":{"name":"(anonymous_6)","decl":{"start":{"line":167,"column":2},"end":{"line":167,"column":3}},"loc":{"start":{"line":167,"column":39},"end":{"line":223,"column":3}},"line":167}},"branchMap":{"0":{"loc":{"start":{"line":4,"column":59},"end":{"line":4,"column":75}},"type":"default-arg","locations":[{"start":{"line":4,"column":69},"end":{"line":4,"column":75}}],"line":4},"1":{"loc":{"start":{"line":6,"column":4},"end":{"line":18,"column":5}},"type":"switch","locations":[{"start":{"line":7,"column":6},"end":{"line":9,"column":14}},{"start":{"line":10,"column":6},"end":{"line":12,"column":14}},{"start":{"line":13,"column":6},"end":{"line":15,"column":14}},{"start":{"line":16,"column":6},"end":{"line":17,"column":63}}],"line":6},"2":{"loc":{"start":{"line":29,"column":10},"end":{"line":33,"column":14}},"type":"cond-expr","locations":[{"start":{"line":29,"column":35},"end":{"line":33,"column":9}},{"start":{"line":33,"column":12},"end":{"line":33,"column":14}}],"line":29},"3":{"loc":{"start":{"line":36,"column":8},"end":{"line":36,"column":86}},"type":"cond-expr","locations":[{"start":{"line":36,"column":33},"end":{"line":36,"column":81}},{"start":{"line":36,"column":84},"end":{"line":36,"column":86}}],"line":36},"4":{"loc":{"start":{"line":39,"column":34},"end":{"line":39,"column":102}},"type":"cond-expr","locations":[{"start":{"line":39,"column":59},"end":{"line":39,"column":97}},{"start":{"line":39,"column":100},"end":{"line":39,"column":102}}],"line":39}},"s":{"0":1,"1":2,"2":0,"3":0,"4":0,"5":0,"6":1,"7":1,"8":1,"9":2,"10":2,"11":2,"12":1,"13":1,"14":1,"15":1,"16":1,"17":1,"18":1,"19":1,"20":1,"21":1,"22":1,"23":1,"24":1,"25":1,"26":1,"27":1,"28":1,"29":1,"30":1,"31":1,"32":1},"f":{"0":2,"1":1,"2":1,"3":1,"4":1,"5":1,"6":1},"b":{"0":[1],"1":[0,0,1,1],"2":[1,1],"3":[1,1],"4":[1,1]},"_coverageSchema":"1a1c01bbd47fc00a2c39e90264f33305004495a9","hash":"e54083fdf3251ff607d79cf1d3080b66701bbe21"}
,"C:\\Users\\PC\\Documents\\Projects\\Trainify_api\\src\\services\\workout.service.js": {"path":"C:\\Users\\PC\\Documents\\Projects\\Trainify_api\\src\\services\\workout.service.js","statementMap":{"0":{"start":{"line":1,"column":16},"end":{"line":1,"column":50}},"1":{"start":{"line":2,"column":24},"end":{"line":2,"column":66}},"2":{"start":{"line":3,"column":17},"end":{"line":3,"column":52}},"3":{"start":{"line":8,"column":4},"end":{"line":15,"column":5}},"4":{"start":{"line":9,"column":6},"end":{"line":14,"column":7}},"5":{"start":{"line":10,"column":31},"end":{"line":10,"column":75}},"6":{"start":{"line":11,"column":8},"end":{"line":13,"column":9}},"7":{"start":{"line":12,"column":10},"end":{"line":12,"column":79}},"8":{"start":{"line":17,"column":20},"end":{"line":26,"column":5}},"9":{"start":{"line":28,"column":4},"end":{"line":28,"column":83}},"10":{"start":{"line":32,"column":4},"end":{"line":32,"column":80}},"11":{"start":{"line":36,"column":20},"end":{"line":36,"column":66}},"12":{"start":{"line":38,"column":4},"end":{"line":40,"column":5}},"13":{"start":{"line":39,"column":6},"end":{"line":39,"column":43}},"14":{"start":{"line":43,"column":4},"end":{"line":45,"column":5}},"15":{"start":{"line":44,"column":6},"end":{"line":44,"column":56}},"16":{"start":{"line":47,"column":4},"end":{"line":47,"column":19}},"17":{"start":{"line":52,"column":28},"end":{"line":52,"column":61}},"18":{"start":{"line":53,"column":4},"end":{"line":55,"column":5}},"19":{"start":{"line":54,"column":6},"end":{"line":54,"column":43}},"20":{"start":{"line":57,"column":4},"end":{"line":59,"column":5}},"21":{"start":{"line":58,"column":6},"end":{"line":58,"column":56}},"22":{"start":{"line":62,"column":4},"end":{"line":71,"column":5}},"23":{"start":{"line":63,"column":6},"end":{"line":70,"column":7}},"24":{"start":{"line":64,"column":8},"end":{"line":69,"column":9}},"25":{"start":{"line":65,"column":33},"end":{"line":65,"column":77}},"26":{"start":{"line":66,"column":10},"end":{"line":68,"column":11}},"27":{"start":{"line":67,"column":12},"end":{"line":67,"column":81}},"28":{"start":{"line":73,"column":26},"end":{"line":73,"column":28}},"29":{"start":{"line":74,"column":26},"end":{"line":78,"column":5}},"30":{"start":{"line":80,"column":4},"end":{"line":85,"column":7}},"31":{"start":{"line":81,"column":20},"end":{"line":81,"column":64}},"32":{"start":{"line":82,"column":6},"end":{"line":84,"column":7}},"33":{"start":{"line":83,"column":8},"end":{"line":83,"column":47}},"34":{"start":{"line":87,"column":4},"end":{"line":91,"column":6}},"35":{"start":{"line":96,"column":28},"end":{"line":96,"column":61}},"36":{"start":{"line":97,"column":4},"end":{"line":99,"column":5}},"37":{"start":{"line":98,"column":6},"end":{"line":98,"column":43}},"38":{"start":{"line":101,"column":4},"end":{"line":103,"column":5}},"39":{"start":{"line":102,"column":6},"end":{"line":102,"column":56}},"40":{"start":{"line":105,"column":4},"end":{"line":105,"column":56}},"41":{"start":{"line":109,"column":28},"end":{"line":109,"column":61}},"42":{"start":{"line":110,"column":4},"end":{"line":112,"column":5}},"43":{"start":{"line":111,"column":6},"end":{"line":111,"column":43}},"44":{"start":{"line":114,"column":4},"end":{"line":116,"column":5}},"45":{"start":{"line":115,"column":6},"end":{"line":115,"column":56}},"46":{"start":{"line":119,"column":23},"end":{"line":125,"column":5}},"47":{"start":{"line":128,"column":4},"end":{"line":140,"column":5}},"48":{"start":{"line":129,"column":6},"end":{"line":139,"column":7}},"49":{"start":{"line":130,"column":8},"end":{"line":138,"column":10}},"50":{"start":{"line":142,"column":4},"end":{"line":142,"column":55}},"51":{"start":{"line":146,"column":4},"end":{"line":146,"column":53}},"52":{"start":{"line":150,"column":19},"end":{"line":158,"column":5}},"53":{"start":{"line":160,"column":4},"end":{"line":160,"column":23}},"54":{"start":{"line":164,"column":4},"end":{"line":169,"column":6}},"55":{"start":{"line":173,"column":0},"end":{"line":173,"column":38}}},"fnMap":{"0":{"name":"(anonymous_0)","decl":{"start":{"line":6,"column":2},"end":{"line":6,"column":3}},"loc":{"start":{"line":6,"column":43},"end":{"line":29,"column":3}},"line":6},"1":{"name":"(anonymous_1)","decl":{"start":{"line":31,"column":2},"end":{"line":31,"column":3}},"loc":{"start":{"line":31,"column":68},"end":{"line":33,"column":3}},"line":31},"2":{"name":"(anonymous_2)","decl":{"start":{"line":35,"column":2},"end":{"line":35,"column":3}},"loc":{"start":{"line":35,"column":42},"end":{"line":48,"column":3}},"line":35},"3":{"name":"(anonymous_3)","decl":{"start":{"line":50,"column":2},"end":{"line":50,"column":3}},"loc":{"start":{"line":50,"column":53},"end":{"line":92,"column":3}},"line":50},"4":{"name":"(anonymous_4)","decl":{"start":{"line":80,"column":36},"end":{"line":80,"column":37}},"loc":{"start":{"line":80,"column":43},"end":{"line":85,"column":5}},"line":80},"5":{"name":"(anonymous_5)","decl":{"start":{"line":94,"column":2},"end":{"line":94,"column":3}},"loc":{"start":{"line":94,"column":41},"end":{"line":106,"column":3}},"line":94},"6":{"name":"(anonymous_6)","decl":{"start":{"line":108,"column":2},"end":{"line":108,"column":3}},"loc":{"start":{"line":108,"column":59},"end":{"line":143,"column":3}},"line":108},"7":{"name":"(anonymous_7)","decl":{"start":{"line":145,"column":2},"end":{"line":145,"column":3}},"loc":{"start":{"line":145,"column":32},"end":{"line":147,"column":3}},"line":145},"8":{"name":"(anonymous_8)","decl":{"start":{"line":149,"column":2},"end":{"line":149,"column":3}},"loc":{"start":{"line":149,"column":46},"end":{"line":161,"column":3}},"line":149},"9":{"name":"(anonymous_9)","decl":{"start":{"line":163,"column":2},"end":{"line":163,"column":3}},"loc":{"start":{"line":163,"column":65},"end":{"line":170,"column":3}},"line":163}},"branchMap":{"0":{"loc":{"start":{"line":8,"column":4},"end":{"line":15,"column":5}},"type":"if","locations":[{"start":{"line":8,"column":4},"end":{"line":15,"column":5}},{"start":{},"end":{}}],"line":8},"1":{"loc":{"start":{"line":8,"column":8},"end":{"line":8,"column":65}},"type":"binary-expr","locations":[{"start":{"line":8,"column":8},"end":{"line":8,"column":29}},{"start":{"line":8,"column":33},"end":{"line":8,"column":65}}],"line":8},"2":{"loc":{"start":{"line":11,"column":8},"end":{"line":13,"column":9}},"type":"if","locations":[{"start":{"line":11,"column":8},"end":{"line":13,"column":9}},{"start":{},"end":{}}],"line":11},"3":{"loc":{"start":{"line":20,"column":19},"end":{"line":20,"column":50}},"type":"binary-expr","locations":[{"start":{"line":20,"column":19},"end":{"line":20,"column":42}},{"start":{"line":20,"column":46},"end":{"line":20,"column":50}}],"line":20},"4":{"loc":{"start":{"line":21,"column":20},"end":{"line":21,"column":57}},"type":"binary-expr","locations":[{"start":{"line":21,"column":20},"end":{"line":21,"column":43}},{"start":{"line":21,"column":47},"end":{"line":21,"column":57}}],"line":21},"5":{"loc":{"start":{"line":23,"column":22},"end":{"line":23,"column":55}},"type":"binary-expr","locations":[{"start":{"line":23,"column":22},"end":{"line":23,"column":47}},{"start":{"line":23,"column":51},"end":{"line":23,"column":55}}],"line":23},"6":{"loc":{"start":{"line":24,"column":24},"end":{"line":24,"column":59}},"type":"binary-expr","locations":[{"start":{"line":24,"column":24},"end":{"line":24,"column":51}},{"start":{"line":24,"column":55},"end":{"line":24,"column":59}}],"line":24},"7":{"loc":{"start":{"line":25,"column":12},"end":{"line":25,"column":34}},"type":"binary-expr","locations":[{"start":{"line":25,"column":12},"end":{"line":25,"column":28}},{"start":{"line":25,"column":32},"end":{"line":25,"column":34}}],"line":25},"8":{"loc":{"start":{"line":28,"column":54},"end":{"line":28,"column":81}},"type":"binary-expr","locations":[{"start":{"line":28,"column":54},"end":{"line":28,"column":75}},{"start":{"line":28,"column":79},"end":{"line":28,"column":81}}],"line":28},"9":{"loc":{"start":{"line":31,"column":32},"end":{"line":31,"column":44}},"type":"default-arg","locations":[{"start":{"line":31,"column":42},"end":{"line":31,"column":44}}],"line":31},"10":{"loc":{"start":{"line":31,"column":46},"end":{"line":31,"column":54}},"type":"default-arg","locations":[{"start":{"line":31,"column":53},"end":{"line":31,"column":54}}],"line":31},"11":{"loc":{"start":{"line":31,"column":56},"end":{"line":31,"column":66}},"type":"default-arg","locations":[{"start":{"line":31,"column":64},"end":{"line":31,"column":66}}],"line":31},"12":{"loc":{"start":{"line":38,"column":4},"end":{"line":40,"column":5}},"type":"if","locations":[{"start":{"line":38,"column":4},"end":{"line":40,"column":5}},{"start":{},"end":{}}],"line":38},"13":{"loc":{"start":{"line":43,"column":4},"end":{"line":45,"column":5}},"type":"if","locations":[{"start":{"line":43,"column":4},"end":{"line":45,"column":5}},{"start":{},"end":{}}],"line":43},"14":{"loc":{"start":{"line":53,"column":4},"end":{"line":55,"column":5}},"type":"if","locations":[{"start":{"line":53,"column":4},"end":{"line":55,"column":5}},{"start":{},"end":{}}],"line":53},"15":{"loc":{"start":{"line":57,"column":4},"end":{"line":59,"column":5}},"type":"if","locations":[{"start":{"line":57,"column":4},"end":{"line":59,"column":5}},{"start":{},"end":{}}],"line":57},"16":{"loc":{"start":{"line":62,"column":4},"end":{"line":71,"column":5}},"type":"if","locations":[{"start":{"line":62,"column":4},"end":{"line":71,"column":5}},{"start":{},"end":{}}],"line":62},"17":{"loc":{"start":{"line":63,"column":6},"end":{"line":70,"column":7}},"type":"if","locations":[{"start":{"line":63,"column":6},"end":{"line":70,"column":7}},{"start":{},"end":{}}],"line":63},"18":{"loc":{"start":{"line":63,"column":10},"end":{"line":63,"column":65}},"type":"binary-expr","locations":[{"start":{"line":63,"column":10},"end":{"line":63,"column":30}},{"start":{"line":63,"column":34},"end":{"line":63,"column":65}}],"line":63},"19":{"loc":{"start":{"line":66,"column":10},"end":{"line":68,"column":11}},"type":"if","locations":[{"start":{"line":66,"column":10},"end":{"line":68,"column":11}},{"start":{},"end":{}}],"line":66},"20":{"loc":{"start":{"line":82,"column":6},"end":{"line":84,"column":7}},"type":"if","locations":[{"start":{"line":82,"column":6},"end":{"line":84,"column":7}},{"start":{},"end":{}}],"line":82},"21":{"loc":{"start":{"line":82,"column":10},"end":{"line":82,"column":62}},"type":"binary-expr","locations":[{"start":{"line":82,"column":10},"end":{"line":82,"column":39}},{"start":{"line":82,"column":43},"end":{"line":82,"column":62}}],"line":82},"22":{"loc":{"start":{"line":97,"column":4},"end":{"line":99,"column":5}},"type":"if","locations":[{"start":{"line":97,"column":4},"end":{"line":99,"column":5}},{"start":{},"end":{}}],"line":97},"23":{"loc":{"start":{"line":101,"column":4},"end":{"line":103,"column":5}},"type":"if","locations":[{"start":{"line":101,"column":4},"end":{"line":103,"column":5}},{"start":{},"end":{}}],"line":101},"24":{"loc":{"start":{"line":110,"column":4},"end":{"line":112,"column":5}},"type":"if","locations":[{"start":{"line":110,"column":4},"end":{"line":112,"column":5}},{"start":{},"end":{}}],"line":110},"25":{"loc":{"start":{"line":114,"column":4},"end":{"line":116,"column":5}},"type":"if","locations":[{"start":{"line":114,"column":4},"end":{"line":116,"column":5}},{"start":{},"end":{}}],"line":114},"26":{"loc":{"start":{"line":122,"column":16},"end":{"line":122,"column":47}},"type":"binary-expr","locations":[{"start":{"line":122,"column":16},"end":{"line":122,"column":39}},{"start":{"line":122,"column":43},"end":{"line":122,"column":47}}],"line":122},"27":{"loc":{"start":{"line":123,"column":14},"end":{"line":123,"column":43}},"type":"binary-expr","locations":[{"start":{"line":123,"column":14},"end":{"line":123,"column":35}},{"start":{"line":123,"column":39},"end":{"line":123,"column":43}}],"line":123},"28":{"loc":{"start":{"line":124,"column":24},"end":{"line":124,"column":62}},"type":"binary-expr","locations":[{"start":{"line":124,"column":24},"end":{"line":124,"column":54}},{"start":{"line":124,"column":58},"end":{"line":124,"column":62}}],"line":124},"29":{"loc":{"start":{"line":128,"column":4},"end":{"line":140,"column":5}},"type":"if","locations":[{"start":{"line":128,"column":4},"end":{"line":140,"column":5}},{"start":{},"end":{}}],"line":128},"30":{"loc":{"start":{"line":128,"column":8},"end":{"line":128,"column":71}},"type":"binary-expr","locations":[{"start":{"line":128,"column":8},"end":{"line":128,"column":32}},{"start":{"line":128,"column":36},"end":{"line":128,"column":71}}],"line":128},"31":{"loc":{"start":{"line":149,"column":36},"end":{"line":149,"column":44}},"type":"default-arg","locations":[{"start":{"line":149,"column":43},"end":{"line":149,"column":44}}],"line":149}},"s":{"0":1,"1":1,"2":1,"3":2,"4":2,"5":2,"6":2,"7":1,"8":1,"9":1,"10":0,"11":3,"12":3,"13":1,"14":2,"15":1,"16":1,"17":1,"18":1,"19":0,"20":1,"21":0,"22":1,"23":1,"24":1,"25":1,"26":1,"27":0,"28":1,"29":1,"30":1,"31":2,"32":2,"33":1,"34":1,"35":1,"36":1,"37":0,"38":1,"39":0,"40":1,"41":1,"42":1,"43":0,"44":1,"45":0,"46":1,"47":1,"48":1,"49":1,"50":1,"51":0,"52":1,"53":1,"54":0,"55":1},"f":{"0":2,"1":0,"2":3,"3":1,"4":2,"5":1,"6":1,"7":0,"8":1,"9":0},"b":{"0":[2,0],"1":[2,2],"2":[1,1],"3":[1,1],"4":[1,1],"5":[1,1],"6":[1,1],"7":[1,1],"8":[1,0],"9":[0],"10":[0],"11":[0],"12":[1,2],"13":[1,1],"14":[0,1],"15":[0,1],"16":[1,0],"17":[1,0],"18":[1,1],"19":[0,1],"20":[1,1],"21":[2,1],"22":[0,1],"23":[0,1],"24":[0,1],"25":[0,1],"26":[1,1],"27":[1,0],"28":[1,1],"29":[1,0],"30":[1,1],"31":[1]},"_coverageSchema":"1a1c01bbd47fc00a2c39e90264f33305004495a9","hash":"aa4adfcd15b868e3e6b00b358121e1b2ebea290a"}
,"C:\\Users\\PC\\Documents\\Projects\\Trainify_api\\src\\utils\\database.js": {"path":"C:\\Users\\PC\\Documents\\Projects\\Trainify_api\\src\\utils\\database.js","statementMap":{"0":{"start":{"line":1,"column":17},"end":{"line":1,"column":30}},"1":{"start":{"line":2,"column":0},"end":{"line":2,"column":27}},"2":{"start":{"line":4,"column":13},"end":{"line":16,"column":2}},"3":{"start":{"line":19,"column":0},"end":{"line":25,"column":3}},"4":{"start":{"line":20,"column":2},"end":{"line":24,"column":3}},"5":{"start":{"line":21,"column":24},"end":{"line":21,"column":109}},"6":{"start":{"line":23,"column":24},"end":{"line":23,"column":106}},"7":{"start":{"line":28,"column":0},"end":{"line":30,"column":3}},"8":{"start":{"line":29,"column":22},"end":{"line":29,"column":109}},"9":{"start":{"line":32,"column":0},"end":{"line":35,"column":3}},"10":{"start":{"line":33,"column":22},"end":{"line":33,"column":112}},"11":{"start":{"line":34,"column":2},"end":{"line":34,"column":19}},"12":{"start":{"line":37,"column":0},"end":{"line":41,"column":2}},"13":{"start":{"line":38,"column":27},"end":{"line":38,"column":51}},"14":{"start":{"line":40,"column":19},"end":{"line":40,"column":33}},"15":{"start":{"line":48,"column":85},"end":{"line":48,"column":46423}},"16":{"start":{"line":48,"column":89},"end":{"line":48,"column":46395}},"17":{"start":{"line":48,"column":46405},"end":{"line":48,"column":46422}}},"fnMap":{"0":{"name":"(anonymous_0)","decl":{"start":{"line":19,"column":27},"end":{"line":19,"column":28}},"loc":{"start":{"line":19,"column":36},"end":{"line":25,"column":1}},"line":19},"1":{"name":"(anonymous_1)","decl":{"start":{"line":28,"column":19},"end":{"line":28,"column":20}},"loc":{"start":{"line":28,"column":25},"end":{"line":30,"column":1}},"line":28},"2":{"name":"(anonymous_2)","decl":{"start":{"line":32,"column":17},"end":{"line":32,"column":18}},"loc":{"start":{"line":32,"column":26},"end":{"line":35,"column":1}},"line":32},"3":{"name":"(anonymous_3)","decl":{"start":{"line":38,"column":9},"end":{"line":38,"column":10}},"loc":{"start":{"line":38,"column":27},"end":{"line":38,"column":51}},"line":38},"4":{"name":"(anonymous_4)","decl":{"start":{"line":40,"column":13},"end":{"line":40,"column":14}},"loc":{"start":{"line":40,"column":19},"end":{"line":40,"column":33}},"line":40},"5":{"name":"oo_cm","decl":{"start":{"line":48,"column":77},"end":{"line":48,"column":82}},"loc":{"start":{"line":48,"column":84},"end":{"line":48,"column":46424}},"line":48}},"branchMap":{"0":{"loc":{"start":{"line":10,"column":7},"end":{"line":12,"column":11}},"type":"cond-expr","locations":[{"start":{"line":10,"column":39},"end":{"line":12,"column":3}},{"start":{"line":12,"column":6},"end":{"line":12,"column":11}}],"line":10},"1":{"loc":{"start":{"line":20,"column":2},"end":{"line":24,"column":3}},"type":"if","locations":[{"start":{"line":20,"column":2},"end":{"line":24,"column":3}},{"start":{"line":22,"column":9},"end":{"line":24,"column":3}}],"line":20},"2":{"loc":{"start":{"line":48,"column":96},"end":{"line":48,"column":46394}},"type":"binary-expr","locations":[{"start":{"line":48,"column":96},"end":{"line":48,"column":133}},{"start":{"line":48,"column":137},"end":{"line":48,"column":46394}}],"line":48}},"s":{"0":1,"1":1,"2":1,"3":1,"4":0,"5":0,"6":0,"7":1,"8":0,"9":1,"10":0,"11":0,"12":1,"13":0,"14":0,"15":0,"16":0,"17":0},"f":{"0":0,"1":0,"2":0,"3":0,"4":0,"5":0},"b":{"0":[1,0],"1":[0,0],"2":[0,0]},"_coverageSchema":"1a1c01bbd47fc00a2c39e90264f33305004495a9","hash":"fe5e64e2b03a640e298c0c4445dbd1c227be7e50"}
,"C:\\Users\\PC\\Documents\\Projects\\Trainify_api\\src\\utils\\jwt.js": {"path":"C:\\Users\\PC\\Documents\\Projects\\Trainify_api\\src\\utils\\jwt.js","statementMap":{"0":{"start":{"line":1,"column":12},"end":{"line":1,"column":35}},"1":{"start":{"line":2,"column":0},"end":{"line":2,"column":27}},"2":{"start":{"line":4,"column":19},"end":{"line":9,"column":1}},"3":{"start":{"line":12,"column":4},"end":{"line":14,"column":7}},"4":{"start":{"line":17,"column":4},"end":{"line":19,"column":7}},"5":{"start":{"line":22,"column":4},"end":{"line":26,"column":5}},"6":{"start":{"line":23,"column":6},"end":{"line":23,"column":50}},"7":{"start":{"line":25,"column":6},"end":{"line":25,"column":18}},"8":{"start":{"line":29,"column":4},"end":{"line":33,"column":5}},"9":{"start":{"line":30,"column":6},"end":{"line":30,"column":57}},"10":{"start":{"line":32,"column":6},"end":{"line":32,"column":18}},"11":{"start":{"line":36,"column":4},"end":{"line":36,"column":29}},"12":{"start":{"line":40,"column":0},"end":{"line":40,"column":26}}},"fnMap":{"0":{"name":"(anonymous_0)","decl":{"start":{"line":11,"column":2},"end":{"line":11,"column":3}},"loc":{"start":{"line":11,"column":38},"end":{"line":15,"column":3}},"line":11},"1":{"name":"(anonymous_1)","decl":{"start":{"line":16,"column":2},"end":{"line":16,"column":3}},"loc":{"start":{"line":16,"column":39},"end":{"line":20,"column":3}},"line":16},"2":{"name":"(anonymous_2)","decl":{"start":{"line":21,"column":2},"end":{"line":21,"column":3}},"loc":{"start":{"line":21,"column":34},"end":{"line":27,"column":3}},"line":21},"3":{"name":"(anonymous_3)","decl":{"start":{"line":28,"column":2},"end":{"line":28,"column":3}},"loc":{"start":{"line":28,"column":35},"end":{"line":34,"column":3}},"line":28},"4":{"name":"(anonymous_4)","decl":{"start":{"line":35,"column":2},"end":{"line":35,"column":3}},"loc":{"start":{"line":35,"column":28},"end":{"line":37,"column":3}},"line":35}},"branchMap":{"0":{"loc":{"start":{"line":6,"column":13},"end":{"line":6,"column":48}},"type":"binary-expr","locations":[{"start":{"line":6,"column":13},"end":{"line":6,"column":39}},{"start":{"line":6,"column":43},"end":{"line":6,"column":48}}],"line":6},"1":{"loc":{"start":{"line":7,"column":17},"end":{"line":7,"column":73}},"type":"binary-expr","locations":[{"start":{"line":7,"column":17},"end":{"line":7,"column":47}},{"start":{"line":7,"column":51},"end":{"line":7,"column":73}}],"line":7},"2":{"loc":{"start":{"line":8,"column":20},"end":{"line":8,"column":62}},"type":"binary-expr","locations":[{"start":{"line":8,"column":20},"end":{"line":8,"column":54}},{"start":{"line":8,"column":58},"end":{"line":8,"column":62}}],"line":8}},"s":{"0":1,"1":1,"2":1,"3":0,"4":0,"5":0,"6":0,"7":0,"8":0,"9":0,"10":0,"11":0,"12":1},"f":{"0":0,"1":0,"2":0,"3":0,"4":0},"b":{"0":[1,0],"1":[1,0],"2":[1,0]},"_coverageSchema":"1a1c01bbd47fc00a2c39e90264f33305004495a9","hash":"112f3fa142c77d48c4da7f77d1eb3b9fba08651f"}
}
