TN:
SF:src\models\base.model.js
FN:4,(anonymous_0)
FN:9,(anonymous_1)
FN:18,(anonymous_2)
FN:26,(anonymous_3)
FN:29,(anonymous_4)
FN:39,(anonymous_5)
FN:42,(anonymous_6)
FN:51,(anonymous_7)
FN:67,oo_cm
FNF:9
FNH:1
FNDA:1,(anonymous_0)
FNDA:0,(anonymous_1)
FNDA:0,(anonymous_2)
FNDA:0,(anonymous_3)
FNDA:0,(anonymous_4)
FNDA:0,(anonymous_5)
FNDA:0,(anonymous_6)
FNDA:0,(anonymous_7)
FNDA:0,oo_cm
DA:1,1
DA:5,1
DA:6,1
DA:10,0
DA:11,0
DA:15,0
DA:19,0
DA:23,0
DA:27,0
DA:28,0
DA:29,0
DA:30,0
DA:32,0
DA:36,0
DA:40,0
DA:41,0
DA:42,0
DA:44,0
DA:48,0
DA:52,0
DA:56,0
DA:60,1
DA:67,0
LF:23
LH:4
BRDA:18,0,0,0
BRDA:18,1,0,0
BRDA:67,2,0,0
BRDA:67,2,1,0
BRF:4
BRH:0
end_of_record
TN:
SF:src\models\refreshToken.model.js
FN:4,(anonymous_0)
FN:8,(anonymous_1)
FN:20,(anonymous_2)
FN:33,(anonymous_3)
FN:40,(anonymous_4)
FNF:5
FNH:1
FNDA:1,(anonymous_0)
FNDA:0,(anonymous_1)
FNDA:0,(anonymous_2)
FNDA:0,(anonymous_3)
FNDA:0,(anonymous_4)
DA:1,1
DA:5,1
DA:9,0
DA:10,0
DA:12,0
DA:21,0
DA:30,0
DA:34,0
DA:41,0
DA:48,1
LF:10
LH:3
BRF:0
BRH:0
end_of_record
TN:
SF:src\models\user.model.js
FN:5,(anonymous_0)
FN:15,(anonymous_1)
FN:25,(anonymous_2)
FN:35,(anonymous_3)
FN:71,(anonymous_4)
FN:79,(anonymous_5)
FN:88,(anonymous_6)
FN:99,(anonymous_7)
FN:140,oo_cm
FNF:9
FNH:0
FNDA:0,(anonymous_0)
FNDA:0,(anonymous_1)
FNDA:0,(anonymous_2)
FNDA:0,(anonymous_3)
FNDA:0,(anonymous_4)
FNDA:0,(anonymous_5)
FNDA:0,(anonymous_6)
FNDA:0,(anonymous_7)
FNDA:0,oo_cm
DA:1,1
DA:2,1
DA:6,0
DA:7,0
DA:8,0
DA:9,0
DA:11,0
DA:12,0
DA:16,0
DA:17,0
DA:18,0
DA:19,0
DA:21,0
DA:22,0
DA:26,0
DA:27,0
DA:28,0
DA:29,0
DA:31,0
DA:32,0
DA:36,0
DA:37,0
DA:38,0
DA:46,0
DA:57,0
DA:58,0
DA:60,0
DA:61,0
DA:62,0
DA:63,0
DA:64,0
DA:65,0
DA:68,0
DA:72,0
DA:73,0
DA:75,0
DA:76,0
DA:80,0
DA:81,0
DA:82,0
DA:84,0
DA:85,0
DA:89,0
DA:90,0
DA:95,0
DA:96,0
DA:97,0
DA:99,0
DA:100,0
DA:101,0
DA:102,0
DA:103,0
DA:104,0
DA:108,0
DA:109,0
DA:112,0
DA:113,0
DA:115,0
DA:124,0
DA:125,0
DA:127,0
DA:128,0
DA:133,1
DA:140,0
LF:64
LH:3
BRDA:50,0,0,0
BRDA:50,0,1,0
BRDA:51,1,0,0
BRDA:51,1,1,0
BRDA:52,2,0,0
BRDA:52,2,1,0
BRDA:53,3,0,0
BRDA:53,3,1,0
BRDA:54,4,0,0
BRDA:54,4,1,0
BRDA:55,5,0,0
BRDA:55,5,1,0
BRDA:61,6,0,0
BRDA:61,6,1,0
BRDA:62,7,0,0
BRDA:62,7,1,0
BRDA:64,8,0,0
BRDA:64,8,1,0
BRDA:101,9,0,0
BRDA:101,9,1,0
BRDA:108,10,0,0
BRDA:108,10,1,0
BRDA:140,11,0,0
BRDA:140,11,1,0
BRF:24
BRH:0
end_of_record
TN:
SF:src\services\auth.service.js
FN:8,(anonymous_0)
FN:45,(anonymous_1)
FN:87,(anonymous_2)
FN:118,(anonymous_3)
FN:126,(anonymous_4)
FN:153,(anonymous_5)
FN:178,(anonymous_6)
FN:195,(anonymous_7)
FN:209,(anonymous_8)
FN:231,oo_cm
FNF:10
FNH:8
FNDA:3,(anonymous_0)
FNDA:2,(anonymous_1)
FNDA:2,(anonymous_2)
FNDA:2,(anonymous_3)
FNDA:2,(anonymous_4)
FNDA:0,(anonymous_5)
FNDA:0,(anonymous_6)
FNDA:1,(anonymous_7)
FNDA:3,(anonymous_8)
FNDA:5,oo_cm
DA:1,1
DA:2,1
DA:3,1
DA:4,1
DA:5,1
DA:9,3
DA:11,3
DA:12,3
DA:13,1
DA:16,2
DA:19,2
DA:20,1
DA:23,1
DA:25,1
DA:26,1
DA:27,1
DA:28,1
DA:41,2
DA:42,2
DA:46,2
DA:49,2
DA:50,2
DA:51,0
DA:52,0
DA:54,2
DA:55,1
DA:58,1
DA:62,1
DA:63,0
DA:66,1
DA:68,1
DA:69,1
DA:70,1
DA:83,1
DA:84,1
DA:88,2
DA:89,2
DA:90,1
DA:92,1
DA:93,1
DA:94,0
DA:96,1
DA:97,1
DA:98,0
DA:99,0
DA:101,1
DA:102,1
DA:103,0
DA:104,0
DA:106,1
DA:107,1
DA:108,1
DA:109,1
DA:114,1
DA:115,1
DA:119,2
DA:120,1
DA:122,1
DA:124,2
DA:127,2
DA:128,2
DA:130,2
DA:131,1
DA:134,1
DA:149,1
DA:150,1
DA:154,0
DA:155,0
DA:156,0
DA:157,0
DA:159,0
DA:174,0
DA:175,0
DA:179,0
DA:180,0
DA:181,0
DA:182,0
DA:185,0
DA:189,0
DA:191,0
DA:192,0
DA:196,1
DA:197,1
DA:200,1
DA:201,1
DA:203,1
DA:205,0
DA:206,0
DA:210,3
DA:216,3
DA:224,1
DA:231,5
LF:92
LH:67
BRDA:12,0,0,1
BRDA:12,0,1,2
BRDA:19,1,0,1
BRDA:19,1,1,1
BRDA:49,2,0,2
BRDA:49,2,1,0
BRDA:51,3,0,0
BRDA:51,3,1,0
BRDA:54,4,0,1
BRDA:54,4,1,1
BRDA:62,5,0,0
BRDA:62,5,1,1
BRDA:89,6,0,1
BRDA:89,6,1,1
BRDA:93,7,0,0
BRDA:93,7,1,1
BRDA:97,8,0,0
BRDA:97,8,1,1
BRDA:102,9,0,0
BRDA:102,9,1,1
BRDA:119,10,0,1
BRDA:119,10,1,1
BRDA:130,11,0,1
BRDA:130,11,1,1
BRDA:156,12,0,0
BRDA:156,12,1,0
BRDA:181,13,0,0
BRDA:181,13,1,0
BRDA:189,14,0,0
BRDA:189,14,1,0
BRDA:219,15,0,3
BRDA:219,15,1,0
BRDA:231,16,0,5
BRDA:231,16,1,1
BRF:34
BRH:20
end_of_record
TN:
SF:src\services\excercise.service.js
FN:4,(anonymous_0)
FN:8,(anonymous_1)
FN:18,(anonymous_2)
FN:22,(anonymous_3)
FN:26,(anonymous_4)
FN:37,(anonymous_5)
FN:41,(anonymous_6)
FN:44,(anonymous_7)
FN:48,(anonymous_8)
FNF:9
FNH:9
FNDA:1,(anonymous_0)
FNDA:2,(anonymous_1)
FNDA:1,(anonymous_2)
FNDA:1,(anonymous_3)
FNDA:1,(anonymous_4)
FNDA:1,(anonymous_5)
FNDA:2,(anonymous_6)
FNDA:1,(anonymous_7)
FNDA:2,(anonymous_8)
DA:1,1
DA:5,1
DA:9,2
DA:11,2
DA:12,1
DA:15,1
DA:19,1
DA:23,1
DA:27,1
DA:34,1
DA:38,1
DA:41,2
DA:45,1
DA:48,2
DA:52,1
LF:15
LH:15
BRDA:4,0,0,0
BRDA:4,1,0,0
BRDA:4,2,0,0
BRDA:11,3,0,1
BRDA:11,3,1,1
BRF:5
BRH:2
end_of_record
TN:
SF:src\services\report.service.js
FN:4,(anonymous_0)
FN:48,(anonymous_1)
FN:77,(anonymous_2)
FN:98,(anonymous_3)
FN:125,(anonymous_4)
FN:147,(anonymous_5)
FN:167,(anonymous_6)
FNF:7
FNH:7
FNDA:2,(anonymous_0)
FNDA:1,(anonymous_1)
FNDA:1,(anonymous_2)
FNDA:1,(anonymous_3)
FNDA:1,(anonymous_4)
FNDA:1,(anonymous_5)
FNDA:1,(anonymous_6)
DA:1,1
DA:6,2
DA:8,0
DA:9,0
DA:11,0
DA:12,0
DA:14,1
DA:15,1
DA:17,1
DA:20,2
DA:43,2
DA:45,2
DA:49,1
DA:72,1
DA:74,1
DA:78,1
DA:93,1
DA:95,1
DA:99,1
DA:120,1
DA:122,1
DA:126,1
DA:142,1
DA:144,1
DA:148,1
DA:162,1
DA:164,1
DA:169,1
DA:186,1
DA:196,1
DA:212,1
DA:218,1
DA:226,1
LF:33
LH:29
BRDA:4,0,0,1
BRDA:6,1,0,0
BRDA:6,1,1,0
BRDA:6,1,2,1
BRDA:6,1,3,1
BRDA:29,2,0,1
BRDA:29,2,1,1
BRDA:36,3,0,1
BRDA:36,3,1,1
BRDA:39,4,0,1
BRDA:39,4,1,1
BRF:11
BRH:9
end_of_record
TN:
SF:src\services\workout.service.js
FN:6,(anonymous_0)
FN:31,(anonymous_1)
FN:35,(anonymous_2)
FN:50,(anonymous_3)
FN:80,(anonymous_4)
FN:94,(anonymous_5)
FN:108,(anonymous_6)
FN:145,(anonymous_7)
FN:149,(anonymous_8)
FN:163,(anonymous_9)
FNF:10
FNH:7
FNDA:2,(anonymous_0)
FNDA:0,(anonymous_1)
FNDA:3,(anonymous_2)
FNDA:1,(anonymous_3)
FNDA:2,(anonymous_4)
FNDA:1,(anonymous_5)
FNDA:1,(anonymous_6)
FNDA:0,(anonymous_7)
FNDA:1,(anonymous_8)
FNDA:0,(anonymous_9)
DA:1,1
DA:2,1
DA:3,1
DA:8,2
DA:9,2
DA:10,2
DA:11,2
DA:12,1
DA:17,1
DA:28,1
DA:32,0
DA:36,3
DA:38,3
DA:39,1
DA:43,2
DA:44,1
DA:47,1
DA:52,1
DA:53,1
DA:54,0
DA:57,1
DA:58,0
DA:62,1
DA:63,1
DA:64,1
DA:65,1
DA:66,1
DA:67,0
DA:73,1
DA:74,1
DA:80,1
DA:81,2
DA:82,2
DA:83,1
DA:87,1
DA:96,1
DA:97,1
DA:98,0
DA:101,1
DA:102,0
DA:105,1
DA:109,1
DA:110,1
DA:111,0
DA:114,1
DA:115,0
DA:119,1
DA:128,1
DA:129,1
DA:130,1
DA:142,1
DA:146,0
DA:150,1
DA:160,1
DA:164,0
DA:173,1
LF:56
LH:46
BRDA:8,0,0,2
BRDA:8,0,1,0
BRDA:8,1,0,2
BRDA:8,1,1,2
BRDA:11,2,0,1
BRDA:11,2,1,1
BRDA:20,3,0,1
BRDA:20,3,1,1
BRDA:21,4,0,1
BRDA:21,4,1,1
BRDA:23,5,0,1
BRDA:23,5,1,1
BRDA:24,6,0,1
BRDA:24,6,1,1
BRDA:25,7,0,1
BRDA:25,7,1,1
BRDA:28,8,0,1
BRDA:28,8,1,0
BRDA:31,9,0,0
BRDA:31,10,0,0
BRDA:31,11,0,0
BRDA:38,12,0,1
BRDA:38,12,1,2
BRDA:43,13,0,1
BRDA:43,13,1,1
BRDA:53,14,0,0
BRDA:53,14,1,1
BRDA:57,15,0,0
BRDA:57,15,1,1
BRDA:62,16,0,1
BRDA:62,16,1,0
BRDA:63,17,0,1
BRDA:63,17,1,0
BRDA:63,18,0,1
BRDA:63,18,1,1
BRDA:66,19,0,0
BRDA:66,19,1,1
BRDA:82,20,0,1
BRDA:82,20,1,1
BRDA:82,21,0,2
BRDA:82,21,1,1
BRDA:97,22,0,0
BRDA:97,22,1,1
BRDA:101,23,0,0
BRDA:101,23,1,1
BRDA:110,24,0,0
BRDA:110,24,1,1
BRDA:114,25,0,0
BRDA:114,25,1,1
BRDA:122,26,0,1
BRDA:122,26,1,1
BRDA:123,27,0,1
BRDA:123,27,1,0
BRDA:124,28,0,1
BRDA:124,28,1,1
BRDA:128,29,0,1
BRDA:128,29,1,0
BRDA:128,30,0,1
BRDA:128,30,1,1
BRDA:149,31,0,1
BRF:60
BRH:44
end_of_record
TN:
SF:src\utils\database.js
FN:19,(anonymous_0)
FN:28,(anonymous_1)
FN:32,(anonymous_2)
FN:38,(anonymous_3)
FN:40,(anonymous_4)
FN:48,oo_cm
FNF:6
FNH:0
FNDA:0,(anonymous_0)
FNDA:0,(anonymous_1)
FNDA:0,(anonymous_2)
FNDA:0,(anonymous_3)
FNDA:0,(anonymous_4)
FNDA:0,oo_cm
DA:1,1
DA:2,1
DA:4,1
DA:19,1
DA:20,0
DA:21,0
DA:23,0
DA:28,1
DA:29,0
DA:32,1
DA:33,0
DA:34,0
DA:37,1
DA:38,0
DA:40,0
DA:48,0
LF:16
LH:7
BRDA:10,0,0,1
BRDA:10,0,1,0
BRDA:20,1,0,0
BRDA:20,1,1,0
BRDA:48,2,0,0
BRDA:48,2,1,0
BRF:6
BRH:1
end_of_record
TN:
SF:src\utils\jwt.js
FN:11,(anonymous_0)
FN:16,(anonymous_1)
FN:21,(anonymous_2)
FN:28,(anonymous_3)
FN:35,(anonymous_4)
FNF:5
FNH:0
FNDA:0,(anonymous_0)
FNDA:0,(anonymous_1)
FNDA:0,(anonymous_2)
FNDA:0,(anonymous_3)
FNDA:0,(anonymous_4)
DA:1,1
DA:2,1
DA:4,1
DA:12,0
DA:17,0
DA:22,0
DA:23,0
DA:25,0
DA:29,0
DA:30,0
DA:32,0
DA:36,0
DA:40,1
LF:13
LH:4
BRDA:6,0,0,1
BRDA:6,0,1,0
BRDA:7,1,0,1
BRDA:7,1,1,0
BRDA:8,2,0,1
BRDA:8,2,1,0
BRF:6
BRH:3
end_of_record
